23:59:25.836 Console severity levels:3  STOCK UPDATE
23:59:25.837 Console severity levels:4 updated stock:Item1 by quantity: 0: 1
23:59:25.837 Console severity levels:12 Item's stock is 0
updateStock @ Console severity levels:12
(anonymous) @ Console severity levels:25
23:59:25.837 Console severity levels:3  STOCK UPDATE
23:59:25.837 Console severity levels:4 updated stock:Item1 by quantity: 10: 1
23:59:25.837 Console severity levels:9 Item's stock is > 0
23:59:25.837 Console severity levels:3  STOCK UPDATE
23:59:25.837 Console severity levels:4 updated stock:Item1 by quantity: -20: 1
23:59:25.837 Console severity levels:6 Item quantity can not be smaller than 0
updateStock @ Console severity levels:6
(anonymous) @ Console severity levels:27
23:59:25.838 Console severity levels:3  STOCK UPDATE
23:59:25.838 Console severity levels:4 updated stock:Item2 by quantity: 0: 1
23:59:25.838 Console severity levels:12 Item's stock is 0
updateStock @ Console severity levels:12
(anonymous) @ Console severity levels:28
23:59:25.838 Console severity levels:3  STOCK UPDATE
23:59:25.838 Console severity levels:4 updated stock:Item2 by quantity: 0: 2
23:59:25.838 Console severity levels:12 Item's stock is 0
updateStock @ Console severity levels:12
(anonymous) @ Console severity levels:29
23:59:25.838 Console severity levels:3  STOCK UPDATE
23:59:25.838 Console severity levels:4 updated stock:Item2 by quantity: 0: 3
23:59:25.839 Console severity levels:12 Item's stock is 0
updateStock @ Console severity levels:12
(anonymous) @ Console severity levels:30
23:59:25.839 Console severity levels:3  STOCK UPDATE
23:59:25.839 Console severity levels:4 updated stock:Item2 by quantity: 0: 4
23:59:25.839 Console severity levels:12 Item's stock is 0
updateStock @ Console severity levels:12
(anonymous) @ Console severity levels:31
23:59:25.864 Console severity levels:1 undefined
